# JRE version: Java(TM) SE Runtime Environment (8.0_361) (build 1.8.0_361-b09)
# Java VM: Java HotSpot(TM) 64-Bit Server VM (25.361-b09 mixed mode windows-amd64 compressed oops)
Heap:
 PSYoungGen      total 286208K, used 4021K [0x00000000eab00000, 0x0000000100000000, 0x0000000100000000)
  eden space 225280K, 1% used [0x00000000eab00000,0x00000000eaeed5d0,0x00000000f8700000)
  from space 60928K, 0% used [0x00000000f8700000,0x00000000f8700000,0x00000000fc280000)
  to   space 60928K, 0% used [0x00000000fc480000,0x00000000fc480000,0x0000000100000000)
 ParOldGen       total 567296K, used 329131K [0x00000000c0000000, 0x00000000e2a00000, 0x00000000eab00000)
  object space 567296K, 58% used [0x00000000c0000000,0x00000000d416ade8,0x00000000e2a00000)
 Metaspace       used 6065K, capacity 6238K, committed 6400K, reserved 1056768K
  class space    used 654K, capacity 737K, committed 768K, reserved 1048576K
GC Heap History (10 events):
Event: 73.020 GC heap before
{Heap before GC invocations=56 (full 29):
 PSYoungGen      total 285696K, used 186999K [0x00000000eab00000, 0x0000000100000000, 0x0000000100000000)
  eden space 255488K, 73% used [0x00000000eab00000,0x00000000f619dca8,0x00000000fa480000)
  from space 30208K, 0% used [0x00000000fa480000,0x00000000fa480000,0x00000000fc200000)
  to   space 62976K, 0% used [0x00000000fc280000,0x00000000fc280000,0x0000000100000000)
 ParOldGen       total 301056K, used 301023K [0x00000000c0000000, 0x00000000d2600000, 0x00000000eab00000)
  object space 301056K, 99% used [0x00000000c0000000,0x00000000d25f7db0,0x00000000d2600000)
 Metaspace       used 5428K, capacity 5662K, committed 5888K, reserved 1056768K
  class space    used 588K, capacity 673K, committed 768K, reserved 1048576K
Event: 73.248 GC heap after
Heap after GC invocations=56 (full 29):
 PSYoungGen      total 285696K, used 22497K [0x00000000eab00000, 0x0000000100000000, 0x0000000100000000)
  eden space 255488K, 8% used [0x00000000eab00000,0x00000000ec0f8518,0x00000000fa480000)
  from space 30208K, 0% used [0x00000000fa480000,0x00000000fa480000,0x00000000fc200000)
  to   space 62976K, 0% used [0x00000000fc280000,0x00000000fc280000,0x0000000100000000)
 ParOldGen       total 567296K, used 300997K [0x00000000c0000000, 0x00000000e2a00000, 0x00000000eab00000)
  object space 567296K, 53% used [0x00000000c0000000,0x00000000d25f15d8,0x00000000e2a00000)
 Metaspace       used 5428K, capacity 5662K, committed 5888K, reserved 1056768K
  class space    used 588K, capacity 673K, committed 768K, reserved 1048576K
}
Event: 73.317 GC heap before
{Heap before GC invocations=57 (full 29):
 PSYoungGen      total 285696K, used 97093K [0x00000000eab00000, 0x0000000100000000, 0x0000000100000000)
  eden space 255488K, 38% used [0x00000000eab00000,0x00000000f09d1640,0x00000000fa480000)
  from space 30208K, 0% used [0x00000000fa480000,0x00000000fa480000,0x00000000fc200000)
  to   space 62976K, 0% used [0x00000000fc280000,0x00000000fc280000,0x0000000100000000)
 ParOldGen       total 567296K, used 300997K [0x00000000c0000000, 0x00000000e2a00000, 0x00000000eab00000)
  object space 567296K, 53% used [0x00000000c0000000,0x00000000d25f15d8,0x00000000e2a00000)
 Metaspace       used 5898K, capacity 6110K, committed 6144K, reserved 1056768K
  class space    used 648K, capacity 737K, committed 768K, reserved 1048576K
Event: 73.340 GC heap after
Heap after GC invocations=57 (full 29):
 PSYoungGen      total 288256K, used 28409K [0x00000000eab00000, 0x0000000100000000, 0x0000000100000000)
  eden space 225280K, 0% used [0x00000000eab00000,0x00000000eab00000,0x00000000f8700000)
  from space 62976K, 45% used [0x00000000fc280000,0x00000000fde3e628,0x0000000100000000)
  to   space 60928K, 0% used [0x00000000f8700000,0x00000000f8700000,0x00000000fc280000)
 ParOldGen       total 567296K, used 301005K [0x00000000c0000000, 0x00000000e2a00000, 0x00000000eab00000)
  object space 567296K, 53% used [0x00000000c0000000,0x00000000d25f35d8,0x00000000e2a00000)
 Metaspace       used 5898K, capacity 6110K, committed 6144K, reserved 1056768K
  class space    used 648K, capacity 737K, committed 768K, reserved 1048576K
}
Event: 73.340 GC heap before
{Heap before GC invocations=58 (full 30):
 PSYoungGen      total 288256K, used 28409K [0x00000000eab00000, 0x0000000100000000, 0x0000000100000000)
  eden space 225280K, 0% used [0x00000000eab00000,0x00000000eab00000,0x00000000f8700000)
  from space 62976K, 45% used [0x00000000fc280000,0x00000000fde3e628,0x0000000100000000)
  to   space 60928K, 0% used [0x00000000f8700000,0x00000000f8700000,0x00000000fc280000)
 ParOldGen       total 567296K, used 301005K [0x00000000c0000000, 0x00000000e2a00000, 0x00000000eab00000)
  object space 567296K, 53% used [0x00000000c0000000,0x00000000d25f35d8,0x00000000e2a00000)
 Metaspace       used 5898K, capacity 6110K, committed 6144K, reserved 1056768K
  class space    used 648K, capacity 737K, committed 768K, reserved 1048576K
Event: 73.685 GC heap after
Heap after GC invocations=58 (full 30):
 PSYoungGen      total 288256K, used 0K [0x00000000eab00000, 0x0000000100000000, 0x0000000100000000)
  eden space 225280K, 0% used [0x00000000eab00000,0x00000000eab00000,0x00000000f8700000)
  from space 62976K, 0% used [0x00000000fc280000,0x00000000fc280000,0x0000000100000000)
  to   space 60928K, 0% used [0x00000000f8700000,0x00000000f8700000,0x00000000fc280000)
 ParOldGen       total 567296K, used 329045K [0x00000000c0000000, 0x00000000e2a00000, 0x00000000eab00000)
  object space 567296K, 58% used [0x00000000c0000000,0x00000000d4155590,0x00000000e2a00000)
 Metaspace       used 5898K, capacity 6110K, committed 6144K, reserved 1056768K
  class space    used 648K, capacity 737K, committed 768K, reserved 1048576K
}
Event: 73.746 GC heap before
{Heap before GC invocations=59 (full 30):
 PSYoungGen      total 288256K, used 36363K [0x00000000eab00000, 0x0000000100000000, 0x0000000100000000)
  eden space 225280K, 16% used [0x00000000eab00000,0x00000000ece82f00,0x00000000f8700000)
  from space 62976K, 0% used [0x00000000fc280000,0x00000000fc280000,0x0000000100000000)
  to   space 60928K, 0% used [0x00000000f8700000,0x00000000f8700000,0x00000000fc280000)
 ParOldGen       total 567296K, used 329045K [0x00000000c0000000, 0x00000000e2a00000, 0x00000000eab00000)
  object space 567296K, 58% used [0x00000000c0000000,0x00000000d4155590,0x00000000e2a00000)
 Metaspace       used 6064K, capacity 6238K, committed 6400K, reserved 1056768K
  class space    used 654K, capacity 737K, committed 768K, reserved 1048576K
Event: 73.749 GC heap after
Heap after GC invocations=59 (full 30):
 PSYoungGen      total 286208K, used 358K [0x00000000eab00000, 0x0000000100000000, 0x0000000100000000)
  eden space 225280K, 0% used [0x00000000eab00000,0x00000000eab00000,0x00000000f8700000)
  from space 60928K, 0% used [0x00000000f8700000,0x00000000f8759918,0x00000000fc280000)
  to   space 60928K, 0% used [0x00000000fc480000,0x00000000fc480000,0x0000000100000000)
 ParOldGen       total 567296K, used 329045K [0x00000000c0000000, 0x00000000e2a00000, 0x00000000eab00000)
  object space 567296K, 58% used [0x00000000c0000000,0x00000000d4155590,0x00000000e2a00000)
 Metaspace       used 6064K, capacity 6238K, committed 6400K, reserved 1056768K
  class space    used 654K, capacity 737K, committed 768K, reserved 1048576K
}
Event: 73.749 GC heap before
{Heap before GC invocations=60 (full 31):
 PSYoungGen      total 286208K, used 358K [0x00000000eab00000, 0x0000000100000000, 0x0000000100000000)
  eden space 225280K, 0% used [0x00000000eab00000,0x00000000eab00000,0x00000000f8700000)
  from space 60928K, 0% used [0x00000000f8700000,0x00000000f8759918,0x00000000fc280000)
  to   space 60928K, 0% used [0x00000000fc480000,0x00000000fc480000,0x0000000100000000)
 ParOldGen       total 567296K, used 329045K [0x00000000c0000000, 0x00000000e2a00000, 0x00000000eab00000)
  object space 567296K, 58% used [0x00000000c0000000,0x00000000d4155590,0x00000000e2a00000)
 Metaspace       used 6064K, capacity 6238K, committed 6400K, reserved 1056768K
  class space    used 654K, capacity 737K, committed 768K, reserved 1048576K
Event: 74.091 GC heap after
Heap after GC invocations=60 (full 31):
 PSYoungGen      total 286208K, used 0K [0x00000000eab00000, 0x0000000100000000, 0x0000000100000000)
  eden space 225280K, 0% used [0x00000000eab00000,0x00000000eab00000,0x00000000f8700000)
  from space 60928K, 0% used [0x00000000f8700000,0x00000000f8700000,0x00000000fc280000)
  to   space 60928K, 0% used [0x00000000fc480000,0x00000000fc480000,0x0000000100000000)
 ParOldGen       total 567296K, used 329131K [0x00000000c0000000, 0x00000000e2a00000, 0x00000000eab00000)
  object space 567296K, 58% used [0x00000000c0000000,0x00000000d416ade8,0x00000000e2a00000)
 Metaspace       used 6064K, capacity 6238K, committed 6400K, reserved 1056768K
  class space    used 654K, capacity 737K, committed 768K, reserved 1048576K
}

