# JRE version: Java(TM) SE Runtime Environment (8.0_361) (build 1.8.0_361-b09)
# Java VM: Java HotSpot(TM) 64-Bit Server VM (25.361-b09 mixed mode windows-amd64 compressed oops)
Heap:
 PSYoungGen      total 283648K, used 66407K [0x00000000eab00000, 0x00000000fca80000, 0x0000000100000000)
  eden space 272896K, 24% used [0x00000000eab00000,0x00000000eebd9f68,0x00000000fb580000)
  from space 10752K, 0% used [0x00000000fc000000,0x00000000fc000000,0x00000000fca80000)
  to   space 10752K, 0% used [0x00000000fb580000,0x00000000fb580000,0x00000000fc000000)
 ParOldGen       total 304640K, used 304568K [0x00000000c0000000, 0x00000000d2980000, 0x00000000eab00000)
  object space 304640K, 99% used [0x00000000c0000000,0x00000000d296e180,0x00000000d2980000)
 Metaspace       used 6151K, capacity 6362K, committed 6400K, reserved 1056768K
  class space    used 659K, capacity 737K, committed 768K, reserved 1048576K
GC Heap History (10 events):
Event: 280.319 GC heap before
{Heap before GC invocations=60 (full 29):
 PSYoungGen      total 268800K, used 10720K [0x00000000eab00000, 0x00000000fca80000, 0x0000000100000000)
  eden space 258048K, 0% used [0x00000000eab00000,0x00000000eab00000,0x00000000fa700000)
  from space 10752K, 99% used [0x00000000fa700000,0x00000000fb178010,0x00000000fb180000)
  to   space 10752K, 0% used [0x00000000fc000000,0x00000000fc000000,0x00000000fca80000)
 ParOldGen       total 304640K, used 260307K [0x00000000c0000000, 0x00000000d2980000, 0x00000000eab00000)
  object space 304640K, 85% used [0x00000000c0000000,0x00000000cfe34c68,0x00000000d2980000)
 Metaspace       used 5457K, capacity 5722K, committed 5888K, reserved 1056768K
  class space    used 591K, capacity 673K, committed 768K, reserved 1048576K
Event: 280.490 GC heap after
Heap after GC invocations=60 (full 29):
 PSYoungGen      total 268800K, used 0K [0x00000000eab00000, 0x00000000fca80000, 0x0000000100000000)
  eden space 258048K, 0% used [0x00000000eab00000,0x00000000eab00000,0x00000000fa700000)
  from space 10752K, 0% used [0x00000000fa700000,0x00000000fa700000,0x00000000fb180000)
  to   space 10752K, 0% used [0x00000000fc000000,0x00000000fc000000,0x00000000fca80000)
 ParOldGen       total 304640K, used 270849K [0x00000000c0000000, 0x00000000d2980000, 0x00000000eab00000)
  object space 304640K, 88% used [0x00000000c0000000,0x00000000d08807c0,0x00000000d2980000)
 Metaspace       used 5457K, capacity 5722K, committed 5888K, reserved 1056768K
  class space    used 591K, capacity 673K, committed 768K, reserved 1048576K
}
Event: 280.552 GC heap before
{Heap before GC invocations=61 (full 29):
 PSYoungGen      total 268800K, used 215026K [0x00000000eab00000, 0x00000000fca80000, 0x0000000100000000)
  eden space 258048K, 83% used [0x00000000eab00000,0x00000000f7cfc9d8,0x00000000fa700000)
  from space 10752K, 0% used [0x00000000fa700000,0x00000000fa700000,0x00000000fb180000)
  to   space 10752K, 0% used [0x00000000fc000000,0x00000000fc000000,0x00000000fca80000)
 ParOldGen       total 304640K, used 270849K [0x00000000c0000000, 0x00000000d2980000, 0x00000000eab00000)
  object space 304640K, 88% used [0x00000000c0000000,0x00000000d08807c0,0x00000000d2980000)
 Metaspace       used 5457K, capacity 5722K, committed 5888K, reserved 1056768K
  class space    used 591K, capacity 673K, committed 768K, reserved 1048576K
Event: 280.565 GC heap after
Heap after GC invocations=61 (full 29):
 PSYoungGen      total 283648K, used 10752K [0x00000000eab00000, 0x00000000fca80000, 0x0000000100000000)
  eden space 272896K, 0% used [0x00000000eab00000,0x00000000eab00000,0x00000000fb580000)
  from space 10752K, 100% used [0x00000000fc000000,0x00000000fca80000,0x00000000fca80000)
  to   space 10752K, 0% used [0x00000000fb580000,0x00000000fb580000,0x00000000fc000000)
 ParOldGen       total 304640K, used 287505K [0x00000000c0000000, 0x00000000d2980000, 0x00000000eab00000)
  object space 304640K, 94% used [0x00000000c0000000,0x00000000d18c47c0,0x00000000d2980000)
 Metaspace       used 5457K, capacity 5722K, committed 5888K, reserved 1056768K
  class space    used 591K, capacity 673K, committed 768K, reserved 1048576K
}
Event: 280.565 GC heap before
{Heap before GC invocations=62 (full 30):
 PSYoungGen      total 283648K, used 10752K [0x00000000eab00000, 0x00000000fca80000, 0x0000000100000000)
  eden space 272896K, 0% used [0x00000000eab00000,0x00000000eab00000,0x00000000fb580000)
  from space 10752K, 100% used [0x00000000fc000000,0x00000000fca80000,0x00000000fca80000)
  to   space 10752K, 0% used [0x00000000fb580000,0x00000000fb580000,0x00000000fc000000)
 ParOldGen       total 304640K, used 287505K [0x00000000c0000000, 0x00000000d2980000, 0x00000000eab00000)
  object space 304640K, 94% used [0x00000000c0000000,0x00000000d18c47c0,0x00000000d2980000)
 Metaspace       used 5457K, capacity 5722K, committed 5888K, reserved 1056768K
  class space    used 591K, capacity 673K, committed 768K, reserved 1048576K
Event: 280.757 GC heap after
Heap after GC invocations=62 (full 30):
 PSYoungGen      total 283648K, used 0K [0x00000000eab00000, 0x00000000fca80000, 0x0000000100000000)
  eden space 272896K, 0% used [0x00000000eab00000,0x00000000eab00000,0x00000000fb580000)
  from space 10752K, 0% used [0x00000000fc000000,0x00000000fc000000,0x00000000fca80000)
  to   space 10752K, 0% used [0x00000000fb580000,0x00000000fb580000,0x00000000fc000000)
 ParOldGen       total 304640K, used 298092K [0x00000000c0000000, 0x00000000d2980000, 0x00000000eab00000)
  object space 304640K, 97% used [0x00000000c0000000,0x00000000d231b328,0x00000000d2980000)
 Metaspace       used 5457K, capacity 5722K, committed 5888K, reserved 1056768K
  class space    used 591K, capacity 673K, committed 768K, reserved 1048576K
}
Event: 280.814 GC heap before
{Heap before GC invocations=63 (full 31):
 PSYoungGen      total 283648K, used 190642K [0x00000000eab00000, 0x00000000fca80000, 0x0000000100000000)
  eden space 272896K, 69% used [0x00000000eab00000,0x00000000f652c9b0,0x00000000fb580000)
  from space 10752K, 0% used [0x00000000fc000000,0x00000000fc000000,0x00000000fca80000)
  to   space 10752K, 0% used [0x00000000fb580000,0x00000000fb580000,0x00000000fc000000)
 ParOldGen       total 304640K, used 298092K [0x00000000c0000000, 0x00000000d2980000, 0x00000000eab00000)
  object space 304640K, 97% used [0x00000000c0000000,0x00000000d231b328,0x00000000d2980000)
 Metaspace       used 5457K, capacity 5722K, committed 5888K, reserved 1056768K
  class space    used 591K, capacity 673K, committed 768K, reserved 1048576K
Event: 281.041 GC heap after
Heap after GC invocations=63 (full 31):
 PSYoungGen      total 283648K, used 17398K [0x00000000eab00000, 0x00000000fca80000, 0x0000000100000000)
  eden space 272896K, 6% used [0x00000000eab00000,0x00000000ebbfda30,0x00000000fb580000)
  from space 10752K, 0% used [0x00000000fc000000,0x00000000fc000000,0x00000000fca80000)
  to   space 10752K, 0% used [0x00000000fb580000,0x00000000fb580000,0x00000000fc000000)
 ParOldGen       total 304640K, used 304579K [0x00000000c0000000, 0x00000000d2980000, 0x00000000eab00000)
  object space 304640K, 99% used [0x00000000c0000000,0x00000000d2970ef8,0x00000000d2980000)
 Metaspace       used 5457K, capacity 5722K, committed 5888K, reserved 1056768K
  class space    used 591K, capacity 673K, committed 768K, reserved 1048576K
}
Event: 281.101 GC heap before
{Heap before GC invocations=64 (full 32):
 PSYoungGen      total 283648K, used 118120K [0x00000000eab00000, 0x00000000fca80000, 0x0000000100000000)
  eden space 272896K, 43% used [0x00000000eab00000,0x00000000f1e5a370,0x00000000fb580000)
  from space 10752K, 0% used [0x00000000fc000000,0x00000000fc000000,0x00000000fca80000)
  to   space 10752K, 0% used [0x00000000fb580000,0x00000000fb580000,0x00000000fc000000)
 ParOldGen       total 304640K, used 304579K [0x00000000c0000000, 0x00000000d2980000, 0x00000000eab00000)
  object space 304640K, 99% used [0x00000000c0000000,0x00000000d2970ef8,0x00000000d2980000)
 Metaspace       used 5942K, capacity 6106K, committed 6144K, reserved 1056768K
  class space    used 654K, capacity 737K, committed 768K, reserved 1048576K
Event: 281.415 GC heap after
Heap after GC invocations=64 (full 32):
 PSYoungGen      total 283648K, used 26404K [0x00000000eab00000, 0x00000000fca80000, 0x0000000100000000)
  eden space 272896K, 9% used [0x00000000eab00000,0x00000000ec4c9110,0x00000000fb580000)
  from space 10752K, 0% used [0x00000000fc000000,0x00000000fc000000,0x00000000fca80000)
  to   space 10752K, 0% used [0x00000000fb580000,0x00000000fb580000,0x00000000fc000000)
 ParOldGen       total 304640K, used 304568K [0x00000000c0000000, 0x00000000d2980000, 0x00000000eab00000)
  object space 304640K, 99% used [0x00000000c0000000,0x00000000d296e180,0x00000000d2980000)
 Metaspace       used 5942K, capacity 6106K, committed 6144K, reserved 1056768K
  class space    used 654K, capacity 737K, committed 768K, reserved 1048576K
}

